\BOOKMARK [0][-]{chapter*.2}{\376\377\000W\000h\000o\000\040\000I\000s\000\040\000T\000h\000i\000s\000\040\000B\000o\000o\000k\000\040\000F\000o\000r}{}% 1
\BOOKMARK [1][-]{section*.3}{\376\377\000W\000h\000a\000t\000\040\000y\000o\000u\000\040\000w\000i\000l\000l\000\040\000n\000e\000e\000d}{chapter*.2}% 2
\BOOKMARK [1][-]{section*.3}{\376\377\000W\000h\000a\000t\000\040\000y\000o\000u\000\040\000w\000i\000l\000l\000\040\000l\000e\000a\000r\000n}{chapter*.2}% 3
\BOOKMARK [1][-]{section*.3}{\376\377\000W\000h\000a\000t\000\040\000t\000h\000i\000s\000\040\000b\000o\000o\000k\000\040\000i\000s\000\040\000n\000o\000t}{chapter*.2}% 4
\BOOKMARK [0][-]{chapter.0}{\376\377\0000\000\040\000P\000r\000e\000l\000u\000d\000e}{}% 5
\BOOKMARK [1][-]{section.0.1}{\376\377\0000\000.\0001\000\040\000W\000h\000a\000t\000\040\000i\000s\000\040\000t\000h\000i\000s}{chapter.0}% 6
\BOOKMARK [1][-]{section.0.2}{\376\377\0000\000.\0002\000\040\000W\000h\000o\000\040\000i\000s\000\040\000t\000h\000i\000s\000\040\000f\000o\000r\000?}{chapter.0}% 7
\BOOKMARK [1][-]{section.0.3}{\376\377\0000\000.\0003\000\040\000H\000o\000w\000\040\000t\000o\000\040\000r\000e\000a\000d\000\040\000t\000h\000i\000s}{chapter.0}% 8
\BOOKMARK [1][-]{section.0.4}{\376\377\0000\000.\0004\000\040\000W\000h\000a\000t\000\040\000y\000o\000u\000\040\000w\000i\000l\000l\000\040\000n\000e\000e\000d}{chapter.0}% 9
\BOOKMARK [0][-]{chapter.1}{\376\377\0001\000\040\000I\000n\000t\000r\000o\000d\000u\000c\000t\000i\000o\000n}{}% 10
\BOOKMARK [1][-]{section.1.1}{\376\377\0001\000.\0001\000\040\000T\000h\000e\000\040\000S\000h\000a\000p\000e\000\040\000o\000f\000\040\000T\000h\000i\000n\000g\000s\000\040\000t\000o\000\040\000C\000o\000m\000e}{chapter.1}% 11
\BOOKMARK [1][-]{section.1.2}{\376\377\0001\000.\0002\000\040\000S\000o\000m\000e\000\040\000u\000s\000e\000f\000u\000l\000\040\000p\000r\000i\000n\000c\000i\000p\000l\000e\000s\000\040\000t\000o\000\040\000g\000u\000i\000d\000e\000\040\000o\000u\000r\000\040\000d\000e\000c\000i\000s\000i\000o\000n\000s}{chapter.1}% 12
\BOOKMARK [1][-]{section.1.3}{\376\377\0001\000.\0003\000\040\000C\000o\000d\000i\000n\000g\000\040\000s\000t\000a\000n\000d\000a\000r\000d\000s}{chapter.1}% 13
\BOOKMARK [1][-]{section.1.4}{\376\377\0001\000.\0004\000\040\000O\000u\000r\000\040\000t\000o\000o\000l\000s\000,\000\040\000t\000h\000e\000\040\000s\000t\000a\000c\000k}{chapter.1}% 14
\BOOKMARK [1][-]{section.1.5}{\376\377\0001\000.\0005\000\040\000T\000h\000e\000\040\000t\000e\000r\000m\000i\000n\000a\000l}{chapter.1}% 15
\BOOKMARK [1][-]{section.1.6}{\376\377\0001\000.\0006\000\040\000T\000h\000e\000\040\000b\000o\000d\000y\000\040\000o\000f\000\040\000a\000\040\000w\000e\000b\000\040\000a\000p\000p\000l\000i\000c\000a\000t\000i\000o\000n}{chapter.1}% 16
\BOOKMARK [1][-]{section.1.7}{\376\377\0001\000.\0007\000\040\000A\000r\000c\000h\000i\000t\000e\000c\000t\000u\000r\000e}{chapter.1}% 17
\BOOKMARK [0][-]{chapter.2}{\376\377\0002\000\040\000D\000a\000t\000a\000b\000a\000s\000e}{}% 18
\BOOKMARK [1][-]{section.2.1}{\376\377\0002\000.\0001\000\040\000W\000h\000y\000\040\000s\000t\000a\000r\000t\000\040\000h\000e\000r\000e\000?}{chapter.2}% 19
\BOOKMARK [1][-]{section.2.2}{\376\377\0002\000.\0002\000\040\000S\000Q\000L\000i\000t\000e}{chapter.2}% 20
\BOOKMARK [1][-]{section.2.3}{\376\377\0002\000.\0003\000\040\000T\000h\000e\000\040\000d\000o\000m\000a\000i\000n}{chapter.2}% 21
\BOOKMARK [1][-]{section.2.4}{\376\377\0002\000.\0004\000\040\000S\000c\000h\000e\000m\000a\000\040\000c\000o\000n\000v\000e\000n\000t\000i\000o\000n\000s}{chapter.2}% 22
\BOOKMARK [1][-]{section.2.5}{\376\377\0002\000.\0005\000\040\000T\000h\000e\000\040\000s\000c\000h\000e\000m\000a}{chapter.2}% 23
\BOOKMARK [1][-]{section.2.6}{\376\377\0002\000.\0006\000\040\000D\000a\000t\000a\000\040\000t\000y\000p\000e\000s}{chapter.2}% 24
\BOOKMARK [1][-]{section.2.7}{\376\377\0002\000.\0007\000\040\000S\000e\000t\000t\000i\000n\000g\000\040\000u\000p\000\040\000t\000h\000e\000\040\000c\000o\000n\000s\000o\000l\000e}{chapter.2}% 25
\BOOKMARK [1][-]{section.2.8}{\376\377\0002\000.\0008\000\040\000F\000i\000l\000e\000\040\000s\000t\000r\000u\000c\000t\000u\000r\000e}{chapter.2}% 26
\BOOKMARK [0][-]{chapter.3}{\376\377\0003\000\040\000P\000r\000o\000j\000e\000c\000t\000\040\000S\000t\000r\000u\000c\000t\000u\000r\000e}{}% 27
\BOOKMARK [1][-]{section.3.1}{\376\377\0003\000.\0001\000\040\000S\000e\000c\000u\000r\000i\000t\000y\000\040\000b\000y\000\040\000d\000e\000s\000i\000g\000n}{chapter.3}% 28
\BOOKMARK [1][-]{section.3.2}{\376\377\0003\000.\0002\000\040\000T\000h\000e\000\040\000d\000i\000r\000e\000c\000t\000o\000r\000y\000\040\000t\000r\000e\000e}{chapter.3}% 29
\BOOKMARK [1][-]{section.3.3}{\376\377\0003\000.\0003\000\040\000T\000w\000o\000\040\000w\000o\000r\000l\000d\000s}{chapter.3}% 30
\BOOKMARK [1][-]{section.3.4}{\376\377\0003\000.\0004\000\040\000T\000h\000e\000\040\000S\000t\000a\000r\000g\000a\000t\000e}{chapter.3}% 31
\BOOKMARK [1][-]{section.3.5}{\376\377\0003\000.\0005\000\040\000T\000h\000e\000\040\000j\000o\000u\000r\000n\000e\000y\000\040\000o\000f\000\040\000a\000\040\000r\000e\000q\000u\000e\000s\000t}{chapter.3}% 32
\BOOKMARK [0][-]{chapter.4}{\376\377\0004\000\040\000B\000a\000c\000k\000e\000n\000d}{}% 33
\BOOKMARK [1][-]{section.4.1}{\376\377\0004\000.\0001\000\040\000P\000r\000e\000r\000e\000q\000u\000i\000s\000i\000t\000e\000s}{chapter.4}% 34
\BOOKMARK [1][-]{section.4.2}{\376\377\0004\000.\0002\000\040\000D\000B\000M\000S\000\040\040\024\000\040\000t\000h\000e\000\040\000d\000a\000t\000a\000b\000a\000s\000e\000\040\000c\000l\000a\000s\000s}{chapter.4}% 35
\BOOKMARK [1][-]{section.4.3}{\376\377\0004\000.\0003\000\040\000P\000H\000P\000\040\000i\000n\000\040\000t\000h\000e\000\040\000M\000V\000C}{chapter.4}% 36
\BOOKMARK [1][-]{section.4.4}{\376\377\0004\000.\0004\000\040\000T\000h\000e\000\040\000M\000o\000d\000e\000l}{chapter.4}% 37
\BOOKMARK [1][-]{section.4.5}{\376\377\0004\000.\0005\000\040\000T\000h\000e\000\040\000C\000o\000n\000t\000r\000o\000l\000l\000e\000r}{chapter.4}% 38
\BOOKMARK [1][-]{section.4.6}{\376\377\0004\000.\0006\000\040\000T\000e\000s\000t\000i\000n\000g\000\040\000w\000i\000t\000h\000\040\000c\000u\000r\000l}{chapter.4}% 39
\BOOKMARK [0][-]{chapter.5}{\376\377\0005\000\040\000F\000r\000o\000n\000t\000e\000n\000d}{}% 40
\BOOKMARK [1][-]{section.5.1}{\376\377\0005\000.\0001\000\040\000T\000h\000e\000\040\000f\000l\000o\000w}{chapter.5}% 41
\BOOKMARK [1][-]{section.5.2}{\376\377\0005\000.\0002\000\040\000R\000o\000u\000t\000i\000n\000g}{chapter.5}% 42
\BOOKMARK [1][-]{section.5.3}{\376\377\0005\000.\0003\000\040\000P\000a\000g\000e\000s\000:\000\040\000p\000l\000u\000r\000a\000l\000\040\000a\000n\000d\000\040\000s\000i\000n\000g\000u\000l\000a\000r}{chapter.5}% 43
\BOOKMARK [1][-]{section.5.4}{\376\377\0005\000.\0004\000\040\000f\000e\000t\000c\000h\000:\000\040\000t\000h\000e\000\040\000b\000r\000i\000d\000g\000e}{chapter.5}% 44
\BOOKMARK [1][-]{section.5.5}{\376\377\0005\000.\0005\000\040\000D\000O\000M\000:\000\040\000b\000u\000i\000l\000d\000i\000n\000g\000\040\000t\000h\000e\000\040\000p\000a\000g\000e}{chapter.5}% 45
\BOOKMARK [1][-]{section.5.6}{\376\377\0005\000.\0006\000\040\000T\000h\000e\000\040\000J\000a\000v\000a\000S\000c\000r\000i\000p\000t\000\040\000c\000l\000a\000s\000s\000e\000s}{chapter.5}% 46
\BOOKMARK [2][-]{subsection.5.6.1}{\376\377\0005\000.\0006\000.\0001\000\040\000T\000a\000b\000l\000e\000\040\000p\000a\000g\000e\000s}{section.5.6}% 47
\BOOKMARK [2][-]{subsection.5.6.2}{\376\377\0005\000.\0006\000.\0002\000\040\000F\000o\000r\000m\000\040\000p\000a\000g\000e\000s}{section.5.6}% 48
\BOOKMARK [0][-]{chapter.6}{\376\377\0006\000\040\000C\000R\000U\000D}{}% 49
\BOOKMARK [1][-]{section.6.1}{\376\377\0006\000.\0001\000\040\000T\000h\000e\000\040\000s\000i\000g\000n\000\040\000o\000f\000\040\000t\000h\000e\000\040\000f\000o\000u\000r}{chapter.6}% 50
\BOOKMARK [1][-]{section.6.2}{\376\377\0006\000.\0002\000\040\000S\000o\000f\000t\000\040\000d\000e\000l\000e\000t\000e\000\040\000v\000s\000\040\000h\000a\000r\000d\000\040\000d\000e\000l\000e\000t\000e}{chapter.6}% 51
\BOOKMARK [1][-]{section.6.3}{\376\377\0006\000.\0003\000\040\000F\000r\000o\000m\000\040\000f\000o\000r\000m\000\040\000t\000o\000\040\000d\000a\000t\000a\000b\000a\000s\000e}{chapter.6}% 52
\BOOKMARK [2][-]{subsection.6.3.1}{\376\377\0006\000.\0003\000.\0001\000\040\000C\000r\000e\000a\000t\000e\000,\000\040\000P\000O\000S\000T}{section.6.3}% 53
\BOOKMARK [2][-]{subsection.6.3.2}{\376\377\0006\000.\0003\000.\0002\000\040\000R\000e\000a\000d\000,\000\040\000G\000E\000T}{section.6.3}% 54
\BOOKMARK [2][-]{subsection.6.3.3}{\376\377\0006\000.\0003\000.\0003\000\040\000U\000p\000d\000a\000t\000e\000,\000\040\000P\000U\000T}{section.6.3}% 55
\BOOKMARK [2][-]{subsection.6.3.4}{\376\377\0006\000.\0003\000.\0004\000\040\000D\000e\000l\000e\000t\000e\000,\000\040\000D\000E\000L\000E\000T\000E}{section.6.3}% 56
\BOOKMARK [1][-]{section.6.4}{\376\377\0006\000.\0004\000\040\000U\000n\000s\000u\000p\000p\000o\000r\000t\000e\000d\000\040\000m\000e\000t\000h\000o\000d\000s}{chapter.6}% 57
\BOOKMARK [0][-]{chapter.7}{\376\377\0007\000\040\000V\000a\000l\000i\000d\000a\000t\000i\000o\000n}{}% 58
\BOOKMARK [1][-]{section.7.1}{\376\377\0007\000.\0001\000\040\000T\000h\000r\000e\000e\000\040\000l\000i\000n\000e\000s\000\040\000o\000f\000\040\000d\000e\000f\000e\000n\000s\000e}{chapter.7}% 59
\BOOKMARK [1][-]{section.7.2}{\376\377\0007\000.\0002\000\040\000W\000h\000a\000t\000\040\000w\000e\000\040\000v\000a\000l\000i\000d\000a\000t\000e\000\040\000i\000n\000\040\000o\000u\000r\000\040\000p\000r\000o\000j\000e\000c\000t}{chapter.7}% 60
\BOOKMARK [1][-]{section.7.3}{\376\377\0007\000.\0003\000\040\000I\000n\000p\000u\000t\000\040\000n\000o\000r\000m\000a\000l\000i\000z\000a\000t\000i\000o\000n}{chapter.7}% 61
\BOOKMARK [1][-]{section.7.4}{\376\377\0007\000.\0004\000\040\000S\000a\000n\000i\000t\000i\000z\000a\000t\000i\000o\000n}{chapter.7}% 62
\BOOKMARK [1][-]{section.7.5}{\376\377\0007\000.\0005\000\040\000E\000r\000r\000o\000r\000\040\000d\000i\000s\000p\000l\000a\000y\000:\000\040\000h\000o\000w\000\040\000d\000o\000\040\000w\000e\000\040\000t\000e\000l\000l\000\040\000t\000h\000e\000\040\000u\000s\000e\000r\000\040\000s\000o\000m\000e\000t\000h\000i\000n\000g\000\040\000i\000s\000\040\000w\000r\000o\000n\000g\000?}{chapter.7}% 63
\BOOKMARK [1][-]{section.7.6}{\376\377\0007\000.\0006\000\040\000S\000e\000r\000v\000e\000r\000\040\000e\000r\000r\000o\000r\000s}{chapter.7}% 64
\BOOKMARK [1][-]{section.7.7}{\376\377\0007\000.\0007\000\040\000E\000x\000c\000e\000p\000t\000i\000o\000n\000s\000:\000\040\000w\000h\000o\000\040\000c\000a\000t\000c\000h\000e\000s\000\040\000w\000h\000a\000t}{chapter.7}% 65
\BOOKMARK [0][-]{chapter.8}{\376\377\0008\000\040\000P\000e\000r\000m\000i\000s\000s\000i\000o\000n\000s}{}% 66
\BOOKMARK [1][-]{section.8.1}{\376\377\0008\000.\0001\000\040\000T\000h\000e\000\040\000p\000r\000o\000b\000l\000e\000m}{chapter.8}% 67
\BOOKMARK [1][-]{section.8.2}{\376\377\0008\000.\0002\000\040\000H\000o\000w\000\040\000L\000i\000n\000u\000x\000\040\000p\000e\000r\000m\000i\000s\000s\000i\000o\000n\000s\000\040\000w\000o\000r\000k}{chapter.8}% 68
\BOOKMARK [1][-]{section.8.3}{\376\377\0008\000.\0003\000\040\000T\000h\000e\000\040\000f\000i\000x}{chapter.8}% 69
\BOOKMARK [1][-]{section.8.4}{\376\377\0008\000.\0004\000\040\000E\000v\000e\000r\000y\000\040\000t\000i\000m\000e\000\040\000y\000o\000u\000\040\000r\000e\000c\000r\000e\000a\000t\000e\000\040\000t\000h\000e\000\040\000d\000a\000t\000a\000b\000a\000s\000e}{chapter.8}% 70
\BOOKMARK [1][-]{section.8.5}{\376\377\0008\000.\0005\000\040\000W\000h\000y\000\040\000p\000u\000b\000l\000i\000c\000/\000\040\000m\000a\000t\000t\000e\000r\000s}{chapter.8}% 71
\BOOKMARK [0][-]{chapter.9}{\376\377\0009\000\040\000D\000e\000b\000u\000g\000g\000i\000n\000g}{}% 72
\BOOKMARK [1][-]{section.9.1}{\376\377\0009\000.\0001\000\040\000T\000h\000e\000\040\000b\000l\000a\000n\000k\000\040\000p\000a\000g\000e}{chapter.9}% 73
\BOOKMARK [1][-]{section.9.2}{\376\377\0009\000.\0002\000\040\000T\000h\000i\000n\000k\000\040\000i\000n\000\040\000l\000a\000y\000e\000r\000s}{chapter.9}% 74
\BOOKMARK [1][-]{section.9.3}{\376\377\0009\000.\0003\000\040\000A\000p\000a\000c\000h\000e\000\040\000e\000r\000r\000o\000r\000\040\000l\000o\000g}{chapter.9}% 75
\BOOKMARK [1][-]{section.9.4}{\376\377\0009\000.\0004\000\040\000c\000u\000r\000l\000:\000\040\000t\000e\000s\000t\000i\000n\000g\000\040\000t\000h\000e\000\040\000A\000P\000I}{chapter.9}% 76
\BOOKMARK [1][-]{section.9.5}{\376\377\0009\000.\0005\000\040\000B\000r\000o\000w\000s\000e\000r\000\040\000d\000e\000v\000e\000l\000o\000p\000e\000r\000\040\000t\000o\000o\000l\000s}{chapter.9}% 77
\BOOKMARK [1][-]{section.9.6}{\376\377\0009\000.\0006\000\040\000P\000H\000P\000\040\000d\000e\000b\000u\000g\000g\000i\000n\000g\000\040\000t\000o\000o\000l\000s}{chapter.9}% 78
\BOOKMARK [1][-]{section.9.7}{\376\377\0009\000.\0007\000\040\000P\000H\000P\000\040\000f\000r\000o\000m\000\040\000t\000h\000e\000\040\000c\000o\000m\000m\000a\000n\000d\000\040\000l\000i\000n\000e}{chapter.9}% 79
\BOOKMARK [1][-]{section.9.8}{\376\377\0009\000.\0008\000\040\000S\000Q\000L\000i\000t\000e\000\040\000f\000r\000o\000m\000\040\000t\000h\000e\000\040\000c\000o\000m\000m\000a\000n\000d\000\040\000l\000i\000n\000e}{chapter.9}% 80
\BOOKMARK [1][-]{section.9.9}{\376\377\0009\000.\0009\000\040\000T\000h\000e\000\040\000g\000o\000l\000d\000e\000n\000\040\000r\000u\000l\000e}{chapter.9}% 81
\BOOKMARK [0][-]{chapter.10}{\376\377\0001\0000\000\040\000S\000e\000c\000u\000r\000i\000t\000y}{}% 82
\BOOKMARK [1][-]{section.10.1}{\376\377\0001\0000\000.\0001\000\040\000W\000h\000a\000t\000\040\000w\000e\000\040\000a\000l\000r\000e\000a\000d\000y\000\040\000h\000a\000v\000e}{chapter.10}% 83
\BOOKMARK [1][-]{section.10.2}{\376\377\0001\0000\000.\0002\000\040\000C\000S\000R\000F\000\040\040\024\000\040\000p\000r\000o\000t\000e\000c\000t\000i\000n\000g\000\040\000w\000r\000i\000t\000e\000\040\000o\000p\000e\000r\000a\000t\000i\000o\000n\000s}{chapter.10}% 84
\BOOKMARK [2][-]{subsection.10.2.1}{\376\377\0001\0000\000.\0002\000.\0001\000\040\000T\000h\000e\000\040\000a\000t\000t\000a\000c\000k}{section.10.2}% 85
\BOOKMARK [2][-]{subsection.10.2.2}{\376\377\0001\0000\000.\0002\000.\0002\000\040\000T\000h\000e\000\040\000d\000e\000f\000e\000n\000s\000e\000:\000\040\000a\000\040\000s\000e\000c\000r\000e\000t\000\040\000t\000o\000k\000e\000n}{section.10.2}% 86
\BOOKMARK [2][-]{subsection.10.2.3}{\376\377\0001\0000\000.\0002\000.\0003\000\040\000T\000h\000e\000\040\000C\000s\000r\000f\000\040\000c\000l\000a\000s\000s}{section.10.2}% 87
\BOOKMARK [2][-]{subsection.10.2.4}{\376\377\0001\0000\000.\0002\000.\0004\000\040\000V\000e\000r\000i\000f\000y\000\040\000i\000t\000\040\000w\000o\000r\000k\000s\000\040\000f\000r\000o\000m\000\040\000t\000h\000e\000\040\000t\000e\000r\000m\000i\000n\000a\000l}{section.10.2}% 88
\BOOKMARK [1][-]{section.10.3}{\376\377\0001\0000\000.\0003\000\040\000S\000e\000s\000s\000i\000o\000n\000s\000\040\000a\000n\000d\000\040\000s\000e\000s\000s\000i\000o\000n\000\040\000f\000i\000x\000a\000t\000i\000o\000n}{chapter.10}% 89
\BOOKMARK [1][-]{section.10.4}{\376\377\0001\0000\000.\0004\000\040\000S\000e\000c\000u\000r\000i\000t\000y\000\040\000h\000e\000a\000d\000e\000r\000s}{chapter.10}% 90
\BOOKMARK [2][-]{subsection.10.4.1}{\376\377\0001\0000\000.\0004\000.\0001\000\040\000C\000o\000n\000t\000e\000n\000t\000-\000S\000e\000c\000u\000r\000i\000t\000y\000-\000P\000o\000l\000i\000c\000y}{section.10.4}% 91
\BOOKMARK [1][-]{section.10.5}{\376\377\0001\0000\000.\0005\000\040\000R\000a\000t\000e\000\040\000l\000i\000m\000i\000t\000i\000n\000g}{chapter.10}% 92
\BOOKMARK [1][-]{section.10.6}{\376\377\0001\0000\000.\0006\000\040\000H\000T\000T\000P\000S}{chapter.10}% 93
\BOOKMARK [2][-]{subsection.10.6.1}{\376\377\0001\0000\000.\0006\000.\0001\000\040\000H\000o\000w\000\040\000i\000t\000\040\000w\000o\000r\000k\000s}{section.10.6}% 94
\BOOKMARK [2][-]{subsection.10.6.2}{\376\377\0001\0000\000.\0006\000.\0002\000\040\000W\000h\000e\000r\000e\000\040\000i\000t\000\040\000l\000i\000v\000e\000s}{section.10.6}% 95
\BOOKMARK [2][-]{subsection.10.6.3}{\376\377\0001\0000\000.\0006\000.\0003\000\040\000G\000e\000t\000t\000i\000n\000g\000\040\000a\000\040\000c\000e\000r\000t\000i\000f\000i\000c\000a\000t\000e}{section.10.6}% 96
\BOOKMARK [1][-]{section.10.7}{\376\377\0001\0000\000.\0007\000\040\000T\000h\000e\000\040\000l\000a\000y\000e\000r\000s}{chapter.10}% 97
\BOOKMARK [1][-]{section.10.8}{\376\377\0001\0000\000.\0008\000\040\000T\000h\000e\000\040\000r\000u\000l\000e}{chapter.10}% 98
\BOOKMARK [0][-]{appendix.A}{\376\377\000A\000\040\000H\000o\000w\000\040\000I\000t\000\040\000W\000o\000r\000k\000s}{}% 99
\BOOKMARK [1][-]{section.A.1}{\376\377\000A\000.\0001\000\040\000R\000e\000q\000u\000e\000s\000t\000\040\000a\000n\000d\000\040\000r\000e\000s\000p\000o\000n\000s\000e}{appendix.A}% 100
\BOOKMARK [1][-]{section.A.2}{\376\377\000A\000.\0002\000\040\000O\000p\000e\000n\000\040\000y\000o\000u\000r\000\040\000t\000e\000r\000m\000i\000n\000a\000l}{appendix.A}% 101
\BOOKMARK [1][-]{section.A.3}{\376\377\000A\000.\0003\000\040\000T\000h\000e\000\040\000f\000i\000r\000s\000t\000\040\000r\000e\000q\000u\000e\000s\000t}{appendix.A}% 102
\BOOKMARK [1][-]{section.A.4}{\376\377\000A\000.\0004\000\040\000W\000h\000e\000r\000e\000\040\000a\000r\000e\000\040\000t\000h\000e\000\040\000r\000e\000c\000o\000r\000d\000s\000?}{appendix.A}% 103
\BOOKMARK [1][-]{section.A.5}{\376\377\000A\000.\0005\000\040\000T\000w\000o\000\040\000r\000e\000q\000u\000e\000s\000t\000s\000,\000\040\000o\000n\000e\000\040\000p\000a\000g\000e}{appendix.A}% 104
\BOOKMARK [1][-]{section.A.6}{\376\377\000A\000.\0006\000\040\000W\000h\000a\000t\000\040\000t\000r\000a\000v\000e\000l\000s\000\040\000o\000n\000\040\000t\000h\000e\000\040\000w\000i\000r\000e}{appendix.A}% 105
\BOOKMARK [1][-]{section.A.7}{\376\377\000A\000.\0007\000\040\000W\000h\000a\000t\000\040\000A\000p\000a\000c\000h\000e\000\040\000d\000o\000e\000s}{appendix.A}% 106
\BOOKMARK [1][-]{section.A.8}{\376\377\000A\000.\0008\000\040\000W\000h\000a\000t\000\040\000t\000h\000e\000\040\000b\000r\000o\000w\000s\000e\000r\000\040\000d\000o\000e\000s}{appendix.A}% 107
\BOOKMARK [1][-]{section.A.9}{\376\377\000A\000.\0009\000\040\000W\000h\000a\000t\000\040\000J\000a\000v\000a\000S\000c\000r\000i\000p\000t\000\040\000d\000o\000e\000s}{appendix.A}% 108
\BOOKMARK [1][-]{section.A.10}{\376\377\000A\000.\0001\0000\000\040\000H\000o\000w\000\040\000d\000a\000t\000a\000\040\000c\000h\000a\000n\000g\000e\000s\000\040\000s\000h\000a\000p\000e}{appendix.A}% 109
\BOOKMARK [1][-]{section.A.11}{\376\377\000A\000.\0001\0001\000\040\000T\000h\000e\000\040\000c\000h\000a\000i\000n}{appendix.A}% 110
\BOOKMARK [1][-]{section.A.12}{\376\377\000A\000.\0001\0002\000\040\000W\000h\000a\000t\000\040\000h\000a\000p\000p\000e\000n\000s\000\040\000w\000h\000e\000n\000\040\000y\000o\000u\000\040\000c\000l\000i\000c\000k\000\040\000S\000a\000v\000e}{appendix.A}% 111
\BOOKMARK [1][-]{section.A.13}{\376\377\000A\000.\0001\0003\000\040\000W\000h\000a\000t\000\040\000f\000e\000t\000c\000h\000\040\000s\000e\000n\000d\000s\000\040\000t\000o\000\040\000t\000h\000e\000\040\000c\000o\000n\000t\000r\000o\000l\000l\000e\000r\000\040\000\050\000a\000p\000i\000/\000c\000a\000t\000e\000g\000o\000r\000i\000e\000s\000.\000p\000h\000p\000\051\000\040\000a\000n\000d\000\040\000w\000h\000a\000t\000\040\000i\000t\000\040\000g\000e\000t\000s\000\040\000b\000a\000c\000k}{appendix.A}% 112
\BOOKMARK [1][-]{section.A.14}{\376\377\000A\000.\0001\0004\000\040\000I\000n\000s\000i\000d\000e\000\040\000t\000h\000e\000\040\000c\000o\000n\000t\000r\000o\000l\000l\000e\000r\000\040\000\050\000a\000p\000i\000/\000c\000a\000t\000e\000g\000o\000r\000i\000e\000s\000.\000p\000h\000p\000\051}{appendix.A}% 113
\BOOKMARK [1][-]{section.A.15}{\376\377\000A\000.\0001\0005\000\040\000B\000e\000l\000o\000w\000\040\000t\000h\000e\000\040\000s\000u\000r\000f\000a\000c\000e\000,\000\040\000u\000n\000d\000e\000r\000\040\000t\000h\000e\000\040\000b\000r\000o\000w\000s\000e\000r\000'\000s\000\040\000s\000u\000r\000f\000i\000n\000g\000:\000\040\000s\000r\000c\000/}{appendix.A}% 114
\BOOKMARK [1][-]{section.A.16}{\376\377\000A\000.\0001\0006\000\040\000W\000h\000a\000t\000\040\000c\000o\000m\000e\000s\000\040\000b\000a\000c\000k}{appendix.A}% 115
\BOOKMARK [1][-]{section.A.17}{\376\377\000A\000.\0001\0007\000\040\000E\000d\000i\000t\000\040\000m\000o\000d\000e}{appendix.A}% 116
\BOOKMARK [1][-]{section.A.18}{\376\377\000A\000.\0001\0008\000\040\000T\000h\000e\000\040\000c\000o\000m\000p\000l\000e\000t\000e\000\040\000p\000i\000c\000t\000u\000r\000e}{appendix.A}% 117
\BOOKMARK [0][-]{appendix.B}{\376\377\000B\000\040\000G\000l\000o\000s\000s\000a\000r\000y}{}% 118
\BOOKMARK [0][-]{appendix.C}{\376\377\000C\000\040\000B\000i\000b\000l\000i\000o\000g\000r\000a\000p\000h\000y}{}% 119
\BOOKMARK [1][-]{section.C.1}{\376\377\000C\000.\0001\000\040\000T\000h\000e\000\040\000t\000e\000r\000m\000i\000n\000a\000l}{appendix.C}% 120
\BOOKMARK [1][-]{section.C.2}{\376\377\000C\000.\0002\000\040\000A\000p\000a\000c\000h\000e}{appendix.C}% 121
\BOOKMARK [1][-]{section.C.3}{\376\377\000C\000.\0003\000\040\000P\000H\000P}{appendix.C}% 122
\BOOKMARK [1][-]{section.C.4}{\376\377\000C\000.\0004\000\040\000J\000a\000v\000a\000S\000c\000r\000i\000p\000t\000,\000\040\000H\000T\000M\000L\000,\000\040\000C\000S\000S}{appendix.C}% 123
\BOOKMARK [1][-]{section.C.5}{\376\377\000C\000.\0005\000\040\000S\000Q\000L\000\040\000a\000n\000d\000\040\000S\000Q\000L\000i\000t\000e}{appendix.C}% 124
\BOOKMARK [1][-]{section.C.6}{\376\377\000C\000.\0006\000\040\000H\000T\000T\000P}{appendix.C}% 125
\BOOKMARK [1][-]{section.C.7}{\376\377\000C\000.\0007\000\040\000G\000i\000t}{appendix.C}% 126
\BOOKMARK [1][-]{section.C.8}{\376\377\000C\000.\0008\000\040\000T\000h\000e\000\040\000c\000l\000a\000s\000s\000i\000c\000s}{appendix.C}% 127
\BOOKMARK [1][-]{section.C.9}{\376\377\000C\000.\0009\000\040\000S\000e\000c\000u\000r\000i\000t\000y}{appendix.C}% 128
\BOOKMARK [0][-]{appendix.D}{\376\377\000D\000\040\000C\000i\000t\000a\000t\000i\000o\000n\000s\000\040\000a\000n\000d\000\040\000R\000e\000f\000e\000r\000e\000n\000c\000e\000s}{}% 129
\BOOKMARK [0][-]{appendix.E}{\376\377\000E\000\040\000T\000h\000e\000\040\000A\000p\000o\000c\000r\000y\000p\000h\000a\000l\000\040\000C\000h\000a\000p\000t\000e\000r\000\040\040\024\000\040\000B\000e\000y\000o\000n\000d\000\040\000t\000h\000e\000\040\000L\000a\000u\000n\000c\000h}{}% 130
\BOOKMARK [1][-]{section.E.1}{\376\377\000E\000.\0001\000\040\000W\000h\000a\000t\000\040\000y\000o\000u\000\040\000a\000c\000t\000u\000a\000l\000l\000y\000\040\000l\000e\000a\000r\000n\000e\000d}{appendix.E}% 131
\BOOKMARK [1][-]{section.E.2}{\376\377\000E\000.\0002\000\040\000W\000h\000a\000t\000\040\000B\000i\000b\000l\000i\000o\000t\000h\000e\000c\000a\000\040\000d\000o\000e\000s\000\040\000n\000o\000t\000\040\000d\000o}{appendix.E}% 132
\BOOKMARK [1][-]{section.E.3}{\376\377\000E\000.\0003\000\040\000F\000r\000a\000m\000e\000w\000o\000r\000k\000s\000\040\040\024\000\040\000w\000h\000e\000n\000\040\000a\000n\000d\000\040\000w\000h\000y}{appendix.E}% 133
\BOOKMARK [1][-]{section.E.4}{\376\377\000E\000.\0004\000\040\000T\000h\000e\000\040\000a\000g\000e\000\040\000o\000f\000\040\000A\000I}{appendix.E}% 134
\BOOKMARK [1][-]{section.E.5}{\376\377\000E\000.\0005\000\040\0004\0002}{appendix.E}% 135
